[35m[Appium][39m Welcome to Appium v1.22.3
[35m[Appium][39m Non-default server args:
[35m[Appium][39m   port: 55307
[35m[Appium][39m   loglevel: info
[35m[Appium][39m   tmpDir: C:\Users\ZALU\AppData\Local\Temp\\Katalon\Appium\Temp1673602424515
[35m[Appium][39m   chromedriverPort: 55308
[35m[Appium][39m Deprecated server args:
[35m[Appium][39m   [31m--chromedriver-port[39m => --default-capabilities
[35m[Appium][39m Default capabilities, which will be added to each request unless overridden by desired capabilities:
[35m[Appium][39m   chromedriverPort: 55308
[35m[Appium][39m Appium REST http interface listener started on 0.0.0.0:55307
[35m[HTTP][39m [37m-->[39m [37mGET[39m [37m/wd/hub/status[39m
[35m[HTTP][39m [90m{}[39m
[35m[HTTP][39m [37m<-- GET /wd/hub/status [39m[32m200[39m [90m11 ms - 68[39m
[35m[HTTP][39m [90m[39m
[35m[HTTP][39m [37m-->[39m [37mGET[39m [37m/wd/hub/status[39m
[35m[HTTP][39m [90m{}[39m
[35m[HTTP][39m [37m<-- GET /wd/hub/status [39m[32m200[39m [90m2 ms - 68[39m
[35m[HTTP][39m [90m[39m
[35m[HTTP][39m [37m-->[39m [37mPOST[39m [37m/wd/hub/session[39m
[35m[HTTP][39m [90m{"desiredCapabilities":{"app":"C:\\Users\\ZALU\\Katalon Studio\\HappyDayShopping\\mobileapp\\HappyDayShopping.apk","noReset":true,"appWaitActivity":"","deviceId":"","deviceName":"samsung SM-A505F (Android 11)","fullReset":false,"platform":"ANDROID","appWaitDuration":3000,"newCommandTimeout":1800,"platformVersion":"11","automationName":"uiautomator2","autoGrantPermissions":true,"platformName":"Android","udid":"RR8M50Z3SDZ","systemPort":55315},"capabilities":{"firstMatch":[{"appium:app":"C:\\Users\\ZALU\\Katalon Studio\\HappyDayShopping\\mobileapp\\HappyDayShopping.apk","appium:appWaitActivity":"","appium:appWaitDuration":3000,"appium:autoGrantPermissions":true,"appium:automationName":"uiautomator2","deviceId":"","appium:deviceName":"samsung SM-A505F (Android 11)","appium:fullReset":false,"appium:newCommandTimeout":1800,"appium:noReset":true,"platform":"ANDROID","platformName":"android","appium:platformVersion":"11","appium:systemPort":55315,"appium:udid":"RR8M50Z3SDZ"}]}}[39m
[35m[BaseDriver][39m The following capabilities are not standard capabilities and should have an extension prefix:
[35m[BaseDriver][39m   deviceId
[35m[BaseDriver][39m   platform
[35m[BaseDriver][39m   chromedriverPort
[35m[Appium][39m Appium v1.22.3 creating new AndroidUiautomator2Driver (v1.70.1) session
[35m[BaseDriver][39m The following capabilities were provided, but are not recognized by Appium:
[35m[BaseDriver][39m   deviceId
[35m[BaseDriver][39m   platform
[35m[BaseDriver][39m Session created with session id: cf3cf948-bb07-472e-9682-e60154b56253
[35m[BaseDriver][39m Using local app 'C:\Users\ZALU\Katalon Studio\HappyDayShopping\mobileapp\HappyDayShopping.apk'
[35m[ADB][39m Found 1 'build-tools' folders under 'C:\Users\ZALU\.katalon\tools\android_sdk' (newest first):
[35m[ADB][39m     C:/Users/ZALU/.katalon/tools/android_sdk/build-tools/29.0.3
[35m[ADB][39m Using 'adb.exe' from 'C:\Users\ZALU\.katalon\tools\android_sdk\platform-tools\adb.exe'
[35m[AndroidDriver][39m Retrieving device list
[35m[AndroidDriver][39m Using device: RR8M50Z3SDZ
[35m[ADB][39m Using 'adb.exe' from 'C:\Users\ZALU\.katalon\tools\android_sdk\platform-tools\adb.exe'
[35m[ADB][39m Getting device platform version
[35m[UiAutomator2][39m Relaxing hidden api policy
[35m[ADB][39m Package name: 'com.ecwid.ShopAt.HappyDayShopping'
[35m[ADB][39m Main activity name: 'com.pb.MainActivity'
[35m[ADB][39m Using 'apksigner.jar' from 'C:\Users\ZALU\.katalon\tools\android_sdk\build-tools\29.0.3\lib\apksigner.jar'
[35m[ADB][39m 'C:\Users\ZALU\AppData\Roaming\npm\node_modules\appium\node_modules\appium-uiautomator2-server\apks\appium-uiautomator2-server-v4.27.0.apk' is signed with the default certificate
[35m[ADB][39m 'C:\Users\ZALU\AppData\Roaming\npm\node_modules\appium\node_modules\appium-uiautomator2-server\apks\appium-uiautomator2-server-debug-androidTest.apk' is signed with the default certificate
[35m[UiAutomator2][39m Server packages are not going to be (re)installed
[35m[ADB][39m Adding packages ["io.appium.settings","io.appium.uiautomator2.server","io.appium.uiautomator2.server.test"] to Doze whitelist
[35m[ADB][39m 'C:\Users\ZALU\Katalon Studio\HappyDayShopping\mobileapp\HappyDayShopping.apk' is signed with the default certificate
[35m[ADB][39m The application at 'C:\Users\ZALU\Katalon Studio\HappyDayShopping\mobileapp\HappyDayShopping.apk' will not be cached, because the device under test has confirmed the support of streamed installs
[35m[ADB][39m The installation of 'HappyDayShopping.apk' took 21291ms
[35m[UiAutomator2][39m Starting UIAutomator2 server 4.27.0
[35m[UiAutomator2][39m Using UIAutomator2 server from 'C:\Users\ZALU\AppData\Roaming\npm\node_modules\appium\node_modules\appium-uiautomator2-server\apks\appium-uiautomator2-server-v4.27.0.apk' and test from 'C:\Users\ZALU\AppData\Roaming\npm\node_modules\appium\node_modules\appium-uiautomator2-server\apks\appium-uiautomator2-server-debug-androidTest.apk'
[35m[UiAutomator2][39m Waiting up to 30000ms for UiAutomator2 to be online...
[35m[WD Proxy][39m socket hang up
[35m[WD Proxy][39m socket hang up
[35m[WD Proxy][39m socket hang up
[35m[WD Proxy][39m socket hang up
[35m[WD Proxy][39m Determined the downstream protocol as 'W3C'
[35m[AndroidDriver][39m Screen already unlocked, doing nothing
[35m[UiAutomator2][39m Starting 'com.ecwid.ShopAt.HappyDayShopping/com.pb.MainActivity and waiting for 'com.ecwid.ShopAt.HappyDayShopping/com.pb.MainActivity'
[35m[Appium][39m New AndroidUiautomator2Driver session created successfully, session cf3cf948-bb07-472e-9682-e60154b56253 added to master session list
[35m[HTTP][39m [37m<-- POST /wd/hub/session [39m[32m200[39m [90m41933 ms - 1449[39m
[35m[HTTP][39m [90m[39m
[35m[HTTP][39m [37m-->[39m [37mGET[39m [37m/wd/hub/session/cf3cf948-bb07-472e-9682-e60154b56253[39m
[35m[HTTP][39m [90m{}[39m
[35m[HTTP][39m [37m<-- GET /wd/hub/session/cf3cf948-bb07-472e-9682-e60154b56253 [39m[32m200[39m [90m15 ms - 1403[39m
[35m[HTTP][39m [90m[39m
[35m[HTTP][39m [37m-->[39m [37mGET[39m [37m/wd/hub/session/cf3cf948-bb07-472e-9682-e60154b56253[39m
[35m[HTTP][39m [90m{}[39m
[35m[HTTP][39m [37m<-- GET /wd/hub/session/cf3cf948-bb07-472e-9682-e60154b56253 [39m[32m200[39m [90m15 ms - 1403[39m
[35m[HTTP][39m [90m[39m
[35m[HTTP][39m [37m-->[39m [37mGET[39m [37m/wd/hub/status[39m
[35m[HTTP][39m [90m{}[39m
[35m[HTTP][39m [37m<-- GET /wd/hub/status [39m[32m200[39m [90m1 ms - 68[39m
[35m[HTTP][39m [90m[39m
[35m[HTTP][39m [37m-->[39m [37mPOST[39m [37m/wd/hub/session/cf3cf948-bb07-472e-9682-e60154b56253/timeouts[39m
[35m[HTTP][39m [90m{"implicit":60000}[39m
[35m[HTTP][39m [37m<-- POST /wd/hub/session/cf3cf948-bb07-472e-9682-e60154b56253/timeouts [39m[32m200[39m [90m6 ms - 14[39m
[35m[HTTP][39m [90m[39m
[35m[HTTP][39m [37m-->[39m [37mGET[39m [37m/wd/hub/session/cf3cf948-bb07-472e-9682-e60154b56253/source[39m
[35m[HTTP][39m [90m{}[39m
[35m[W3C (cf3cf948)][39m Driver proxy active, passing request on via HTTP proxy
[35m[WD Proxy][39m Replacing sessionId 1e631528-d783-48c2-8a6e-fc3f68500794 with cf3cf948-bb07-472e-9682-e60154b56253
[35m[HTTP][39m [37m<-- GET /wd/hub/session/cf3cf948-bb07-472e-9682-e60154b56253/source [39m[32m200[39m [90m83 ms - 1921[39m
[35m[HTTP][39m [90m[39m
[35m[HTTP][39m [37m-->[39m [37mGET[39m [37m/wd/hub/session/cf3cf948-bb07-472e-9682-e60154b56253/screenshot[39m
[35m[HTTP][39m [90m{}[39m
[35m[HTTP][39m [37m<-- GET /wd/hub/session/cf3cf948-bb07-472e-9682-e60154b56253/screenshot [39m[32m200[39m [90m796 ms - 270574[39m
[35m[HTTP][39m [90m[39m
[35m[HTTP][39m [37m-->[39m [37mGET[39m [37m/wd/hub/session/cf3cf948-bb07-472e-9682-e60154b56253/source[39m
[35m[HTTP][39m [90m{}[39m
[35m[W3C (cf3cf948)][39m Driver proxy active, passing request on via HTTP proxy
[35m[WD Proxy][39m Replacing sessionId 1e631528-d783-48c2-8a6e-fc3f68500794 with cf3cf948-bb07-472e-9682-e60154b56253
[35m[HTTP][39m [37m<-- GET /wd/hub/session/cf3cf948-bb07-472e-9682-e60154b56253/source [39m[32m200[39m [90m272 ms - 25838[39m
[35m[HTTP][39m [90m[39m
[35m[HTTP][39m [37m-->[39m [37mGET[39m [37m/wd/hub/session/cf3cf948-bb07-472e-9682-e60154b56253/screenshot[39m
[35m[HTTP][39m [90m{}[39m
[35m[HTTP][39m [37m<-- GET /wd/hub/session/cf3cf948-bb07-472e-9682-e60154b56253/screenshot [39m[32m200[39m [90m789 ms - 115876[39m
[35m[HTTP][39m [90m[39m
[35m[HTTP][39m [37m-->[39m [37mGET[39m [37m/wd/hub/session/cf3cf948-bb07-472e-9682-e60154b56253/source[39m
[35m[HTTP][39m [90m{}[39m
[35m[W3C (cf3cf948)][39m Driver proxy active, passing request on via HTTP proxy
[35m[WD Proxy][39m Replacing sessionId 1e631528-d783-48c2-8a6e-fc3f68500794 with cf3cf948-bb07-472e-9682-e60154b56253
[35m[HTTP][39m [37m<-- GET /wd/hub/session/cf3cf948-bb07-472e-9682-e60154b56253/source [39m[32m200[39m [90m171 ms - 11519[39m
[35m[HTTP][39m [90m[39m
[35m[HTTP][39m [37m-->[39m [37mGET[39m [37m/wd/hub/session/cf3cf948-bb07-472e-9682-e60154b56253/screenshot[39m
[35m[HTTP][39m [90m{}[39m
[35m[HTTP][39m [37m<-- GET /wd/hub/session/cf3cf948-bb07-472e-9682-e60154b56253/screenshot [39m[32m200[39m [90m835 ms - 160308[39m
[35m[HTTP][39m [90m[39m
[35m[HTTP][39m [37m-->[39m [37mPOST[39m [37m/wd/hub/session/cf3cf948-bb07-472e-9682-e60154b56253/elements[39m
[35m[HTTP][39m [90m{"using":"xpath","value":"//*[@class = 'android.widget.LinearLayout' and (@text = '' or . = '')]"}[39m
[35m[HTTP][39m [37m<-- POST /wd/hub/session/cf3cf948-bb07-472e-9682-e60154b56253/elements [39m[32m200[39m [90m698 ms - 1163[39m
[35m[HTTP][39m [90m[39m
[35m[HTTP][39m [37m-->[39m [37mPOST[39m [37m/wd/hub/session/cf3cf948-bb07-472e-9682-e60154b56253/elements[39m
[35m[HTTP][39m [90m{"using":"-android uiautomator","value":"new UiSelector().className(\"android.widget.LinearLayout\")"}[39m
[35m[HTTP][39m [37m<-- POST /wd/hub/session/cf3cf948-bb07-472e-9682-e60154b56253/elements [39m[32m200[39m [90m241 ms - 1163[39m
[35m[HTTP][39m [90m[39m
[35m[HTTP][39m [37m-->[39m [37mGET[39m [37m/wd/hub/session/cf3cf948-bb07-472e-9682-e60154b56253/source[39m
[35m[HTTP][39m [90m{}[39m
[35m[W3C (cf3cf948)][39m Driver proxy active, passing request on via HTTP proxy
[35m[WD Proxy][39m Replacing sessionId 1e631528-d783-48c2-8a6e-fc3f68500794 with cf3cf948-bb07-472e-9682-e60154b56253
[35m[HTTP][39m [37m<-- GET /wd/hub/session/cf3cf948-bb07-472e-9682-e60154b56253/source [39m[32m200[39m [90m719 ms - 50277[39m
[35m[HTTP][39m [90m[39m
[35m[HTTP][39m [37m-->[39m [37mGET[39m [37m/wd/hub/session/cf3cf948-bb07-472e-9682-e60154b56253/screenshot[39m
[35m[HTTP][39m [90m{}[39m
[35m[HTTP][39m [37m<-- GET /wd/hub/session/cf3cf948-bb07-472e-9682-e60154b56253/screenshot [39m[32m200[39m [90m913 ms - 383070[39m
[35m[HTTP][39m [90m[39m
[35m[HTTP][39m [37m-->[39m [37mPOST[39m [37m/wd/hub/session/cf3cf948-bb07-472e-9682-e60154b56253/elements[39m
[35m[HTTP][39m [90m{"using":"xpath","value":"//*[@class = 'android.view.View' and (@text = 'If you have any inquiries or updates pls whatsap us at 94617563. ' or . = 'If you have any inquiries or updates pls whatsap us at 94617563. ')]"}[39m
[35m[HTTP][39m [37m<-- POST /wd/hub/session/cf3cf948-bb07-472e-9682-e60154b56253/elements [39m[32m200[39m [90m606 ms - 139[39m
[35m[HTTP][39m [90m[39m
[35m[HTTP][39m [37m-->[39m [37mDELETE[39m [37m/wd/hub/session/cf3cf948-bb07-472e-9682-e60154b56253[39m
[35m[HTTP][39m [90m{}[39m
[35m[Appium][39m Removing session cf3cf948-bb07-472e-9682-e60154b56253 from our master session list
[35m[UiAutomator2][39m Restoring hidden api policy to the device default configuration
[35m[HTTP][39m [37m<-- DELETE /wd/hub/session/cf3cf948-bb07-472e-9682-e60154b56253 [39m[32m200[39m [90m786 ms - 14[39m
[35m[HTTP][39m [90m[39m
